<?xml version="1.0" encoding="UTF-8"?>
<testsuite xmlns:xsi="http://www.w3.org/2001/XMLSchema-instance" xsi:noNamespaceSchemaLocation="https://maven.apache.org/surefire/maven-surefire-plugin/xsd/surefire-test-report-3.0.xsd" version="3.0" name="TestSuite" time="396.592" tests="7" errors="0" skipped="0" failures="0">
  <properties>
[...]
</properties>
  <testcase name="runScenario[&quot;Validation of user interaction with policy bazzar site when user searches for Travel insurance plans&quot;, &quot;Travel insurance plan for students-Policy Bazzar&quot;](1)" classname="testRunner.testRunner" time="86.281">
    <system-out><![CDATA[
@regression
Scenario Outline: Validation of user interaction with policy bazzar site when user searches for Travel insurance plans # src/test/resources/Features/EToEPolicyBazzar.feature:18
The user navigated to Policy Bazaar HomePage
  Given the user navigate to policy bazaar website                                                                     # stepDefinitions.TravelInsurance.the_user_navigate_to_policy_bazzar_website()

    Embedding Validation of user interaction with policy bazzar site when user searches for Travel insurance plans [image/png 279259 bytes]

The user clicked on the Travel Insurance Icon
  When the user click on the travel insurance icon                                                                     # stepDefinitions.TravelInsurance.the_user_click_on_the_travel_insurance_icon()

    Embedding Validation of user interaction with policy bazzar site when user searches for Travel insurance plans [image/png 280197 bytes]

The user selected the destination as United Kingdom and clicked on the next button
  And the user selects the destination "United Kingdom"                                                                # stepDefinitions.TravelInsurance.the_user_selects_the_destination(java.lang.String)

    Embedding Validation of user interaction with policy bazzar site when user searches for Travel insurance plans [image/png 203270 bytes]

Checkout Date06
The user selected the start and end dates, and clicked on the next button 
  And the user selects the trip duration                                                                               # stepDefinitions.TravelInsurance.the_user_selects_the_trip_duration()

    Embedding Validation of user interaction with policy bazzar site when user searches for Travel insurance plans [image/png 128001 bytes]

The user selected the No of passengers and age of passengers
  And the user selects the no of travellers and age of travellers                                                      # stepDefinitions.TravelInsurance.the_user_selects_the_no_of_travellers_and_age_of_travellers()

    Embedding Validation of user interaction with policy bazzar site when user searches for Travel insurance plans [image/png 258728 bytes]

The user selected pre-medical condition as No
  And the user selects pre-existing medical condition                                                                  # stepDefinitions.TravelInsurance.the_user_selects_pre_existing_medical_condition()

    Embedding Validation of user interaction with policy bazzar site when user searches for Travel insurance plans [image/png 260940 bytes]

The user entered the mobile number and clicked on next button
  And the user enter the mobile number "9963423134"                                                                    # stepDefinitions.TravelInsurance.the_user_enter_the_mobile_number(java.lang.String)

    Embedding Validation of user interaction with policy bazzar site when user searches for Travel insurance plans [image/png 232094 bytes]

The user selected the student plans and entered the student travel information
  And the user selects the student plans and enters the student travel information                                     # stepDefinitions.TravelInsurance.the_user_selects_the_student_plans_and_enters_the_student_travel_information()

    Embedding Validation of user interaction with policy bazzar site when user searches for Travel insurance plans [image/png 157395 bytes]

The user clicked on the sort by low to high
  And the user sort the plans from low to high                                                                         # stepDefinitions.TravelInsurance.the_user_sort_the_plans_from_low_to_high()

    Embedding Validation of user interaction with policy bazzar site when user searches for Travel insurance plans [image/png 218684 bytes]

Reliance and Price ₹1,514
Bajaj Allianz and Price ₹1,628
Niva Bupa (formerly known as Max Bupa) and Price ₹2,089
First three Company Names and total premium amount is displayed in console and captured into Excel
  Then display three lowest international travel insurance plan with amount and insurance provider company             # stepDefinitions.TravelInsurance.display_three_lowest_international_travel_insurance_plan_with_amount_and_insurance_provider_company()

    Embedding Validation of user interaction with policy bazzar site when user searches for Travel insurance plans [image/png 218227 bytes]

]]></system-out>
    <system-err><![CDATA[SLF4J(W): No SLF4J providers were found.
SLF4J(W): Defaulting to no-operation (NOP) logger implementation
SLF4J(W): See https://www.slf4j.org/codes.html#noProviders for further details.
]]></system-err>
  </testcase>
  <testcase name="runScenario[&quot;Insurance products in Health insurance&quot;, &quot;Travel insurance plan for students-Policy Bazzar&quot;](2)" classname="testRunner.testRunner" time="43.063">
    <system-out><![CDATA[
@smoke
Scenario: Insurance products in Health insurance            # src/test/resources/Features/EToEPolicyBazzar.feature:21
The user navigated to Policy Bazaar HomePage
  Given the user navigate to policy bazaar website          # stepDefinitions.TravelInsurance.the_user_navigate_to_policy_bazzar_website()

    Embedding Insurance products in Health insurance [image/png 286041 bytes]

The user hovered on the Insurance Products
  When the user hover on insurance products                 # stepDefinitions.HealthInsurance.the_user_hover_on_insurance_products()

    Embedding Insurance products in Health insurance [image/png 160068 bytes]

Family Health Insurance
Senior Citizen Health Insurance
Health Insurance for Parents
Best Health Insurance Plans
Maternity Insurance
Health Insurance Portability
Mediclaim Policy
Critical Illness Insurance
Health Insurance Calculator
Health Insurance Companies
Health Insurance for NRIs
Health Insurance Claim
Displayed the Health Insurance Products menu items in console and captured into an Excel
  Then the user prints health insurance products menu items # stepDefinitions.HealthInsurance.the_user_prints_health_insurance_products_menu_items()

    Embedding Insurance products in Health insurance [image/png 159915 bytes]

]]></system-out>
  </testcase>
  <testcase name="runScenario[&quot;Validation of user interaction with policybazzar site when user searches for car insurance plans&quot;, &quot;Travel insurance plan for students-Policy Bazzar&quot;](3)" classname="testRunner.testRunner" time="58.166">
    <system-out><![CDATA[
@regression
Scenario: Validation of user interaction with policybazzar site when user searches for car insurance plans # src/test/resources/Features/EToEPolicyBazzar.feature:27
The user navigated to Policy Bazaar HomePage
  Given the user navigate to policy bazaar website                                                         # stepDefinitions.TravelInsurance.the_user_navigate_to_policy_bazzar_website()

    Embedding Validation of user interaction with policybazzar site when user searches for car insurance plans [image/png 285621 bytes]

Clicked on the Car Insurance Icon
The user clicked on the Car Insurance icon
  When the user click on the car insurance icon                                                            # stepDefinitions.CarInsurance.the_user_click_on_the_car_insurance_icon()

    Embedding Validation of user interaction with policybazzar site when user searches for car insurance plans [image/png 198426 bytes]

The user clicked on buying a new car
  And the user click on buying a new car                                                                   # stepDefinitions.CarInsurance.the_user_click_on_buying_a_new_car()

    Embedding Validation of user interaction with policybazzar site when user searches for car insurance plans [image/png 186002 bytes]

The user selected city and RTO
  And the user selects city and RTO                                                                        # stepDefinitions.CarInsurance.the_user_selects_city_and_rto()

    Embedding Validation of user interaction with policybazzar site when user searches for car insurance plans [image/png 205535 bytes]

The user selected the car brand
  And the user selects car brand                                                                           # stepDefinitions.CarInsurance.the_user_selects_car_brand()

    Embedding Validation of user interaction with policybazzar site when user searches for car insurance plans [image/png 252921 bytes]

The user selected the car model
  And the user selects car model                                                                           # stepDefinitions.CarInsurance.the_user_selects_car_model()

    Embedding Validation of user interaction with policybazzar site when user searches for car insurance plans [image/png 195773 bytes]

The user selected the car fuel type
  And the user selects car fuel type                                                                       # stepDefinitions.CarInsurance.the_user_selects_car_fuel_type()

    Embedding Validation of user interaction with policybazzar site when user searches for car insurance plans [image/png 169341 bytes]

The user selected the car variant
  And the user selects car variant                                                                         # stepDefinitions.CarInsurance.the_user_selects_car_variant()

    Embedding Validation of user interaction with policybazzar site when user searches for car insurance plans [image/png 191455 bytes]

The user entered the details
  And the user enters FullName and Invalid Email and Mobile Number                                         # stepDefinitions.CarInsurance.the_user_enters_full_name_and_invalid_email_and_mobile_number()

    Embedding Validation of user interaction with policybazzar site when user searches for car insurance plans [image/png 193934 bytes]

Please enter a valid e-mail ID.
Please enter a valid 10-digit mobile number.
Displayed the Error messages in console and captured into an Excel
  Then capture and display error messages                                                                  # stepDefinitions.CarInsurance.capture_and_display_error_messages()

    Embedding Validation of user interaction with policybazzar site when user searches for car insurance plans [image/png 193976 bytes]

]]></system-out>
  </testcase>
  <testcase name="runScenario[&quot;Validation of user navigate to Term Life Insurance page on clicking Term Life Iinsurance icon in Homepage of Policy Bazzar website&quot;, &quot;Smoke Testing on Policy Bazaar website&quot;](4)" classname="testRunner.testRunner" time="49.03">
    <system-out><![CDATA[
@smoke
Scenario: Validation of user navigate to Term Life Insurance page on clicking Term Life Iinsurance icon in Homepage of Policy Bazzar website # src/test/resources/Features/SmokePolicyBazzar.feature:4
The user navigated to Policy Bazaar HomePage
  Given the user navigate to policy bazaar website                                                                                           # stepDefinitions.TravelInsurance.the_user_navigate_to_policy_bazzar_website()

    Embedding Validation of user navigate to Term Life Insurance page on clicking Term Life Iinsurance icon in Homepage of Policy Bazzar website [image/png 301731 bytes]

  When the user click on the Term life insurance icon                                                                                        # stepDefinitions.SmokeTesting.the_user_click_on_the_term_life_insurance_icon()

    Embedding Validation of user navigate to Term Life Insurance page on clicking Term Life Iinsurance icon in Homepage of Policy Bazzar website [image/png 88058 bytes]

  Then the user navigates to Term Life Insurance Page and validate the title of the page                                                     # stepDefinitions.SmokeTesting.the_user_navigates_to_term_life_insurance_page_and_validate_the_title_of_the_page()

    Embedding Validation of user navigate to Term Life Insurance page on clicking Term Life Iinsurance icon in Homepage of Policy Bazzar website [image/png 88058 bytes]

]]></system-out>
  </testcase>
  <testcase name="runScenario[&quot;Validation of user navigate to Health Insurance page on clicking Health Insurance icon in Homepage of Policy Bazzar website&quot;, &quot;Smoke Testing on Policy Bazaar website&quot;](5)" classname="testRunner.testRunner" time="46.876">
    <system-out><![CDATA[
@smoke
Scenario: Validation of user navigate to Health Insurance page on clicking Health Insurance icon in Homepage of Policy Bazzar website # src/test/resources/Features/SmokePolicyBazzar.feature:10
The user navigated to Policy Bazaar HomePage
  Given the user navigate to policy bazaar website                                                                                    # stepDefinitions.TravelInsurance.the_user_navigate_to_policy_bazzar_website()

    Embedding Validation of user navigate to Health Insurance page on clicking Health Insurance icon in Homepage of Policy Bazzar website [image/png 301670 bytes]

  When the user click on the Health Insurance icon                                                                                    # stepDefinitions.SmokeTesting.the_user_click_on_the_health_insurance_icon()

    Embedding Validation of user navigate to Health Insurance page on clicking Health Insurance icon in Homepage of Policy Bazzar website [image/png 302479 bytes]

  Then the user navigates to Health Insurance Page and validate the title of the page                                                 # stepDefinitions.SmokeTesting.the_user_navigates_to_health_insurance_page_and_validate_the_title_of_the_page()

    Embedding Validation of user navigate to Health Insurance page on clicking Health Insurance icon in Homepage of Policy Bazzar website [image/png 302479 bytes]

]]></system-out>
  </testcase>
  <testcase name="runScenario[&quot;Validation of user navigate to Investment Plans and navigate back to HomePage on clicking policy bazaar logo&quot;, &quot;Smoke Testing on Policy Bazaar website&quot;](6)" classname="testRunner.testRunner" time="52.077">
    <system-out><![CDATA[
@smoke
Scenario: Validation of user navigate to Investment Plans and navigate back to HomePage on clicking policy bazaar logo # src/test/resources/Features/SmokePolicyBazzar.feature:16
The user navigated to Policy Bazaar HomePage
  Given the user navigate to policy bazaar website                                                                     # stepDefinitions.TravelInsurance.the_user_navigate_to_policy_bazzar_website()

    Embedding Validation of user navigate to Investment Plans and navigate back to HomePage on clicking policy bazaar logo [image/png 285153 bytes]

  When the user click on the Investment Plans icon                                                                     # stepDefinitions.SmokeTesting.the_user_click_on_the_investment_plans_icon()

    Embedding Validation of user navigate to Investment Plans and navigate back to HomePage on clicking policy bazaar logo [image/png 285817 bytes]

  When the user click on the policy bazaar icon and navigates back to HomePage                                         # stepDefinitions.SmokeTesting.the_user_click_on_the_policy_bazaar_icon_and_navigates_back_to_home_page()

    Embedding Validation of user navigate to Investment Plans and navigate back to HomePage on clicking policy bazaar logo [image/png 285819 bytes]

  Then validate the title of the Page                                                                                  # stepDefinitions.SmokeTesting.validate_the_title_of_the_page()

    Embedding Validation of user navigate to Investment Plans and navigate back to HomePage on clicking policy bazaar logo [image/png 285819 bytes]

]]></system-out>
  </testcase>
  <testcase name="runScenario[&quot;Validation of displaying the Personal Insurance and Business Insurance tabs on clicking view all products&quot;, &quot;Smoke Testing on Policy Bazaar website&quot;](7)" classname="testRunner.testRunner" time="51.15">
    <system-out><![CDATA[
@smoke
Scenario: Validation of displaying the Personal Insurance and Business Insurance tabs on clicking view all products # src/test/resources/Features/SmokePolicyBazzar.feature:23
The user navigated to Policy Bazaar HomePage
  Given the user navigate to policy bazaar website                                                                  # stepDefinitions.TravelInsurance.the_user_navigate_to_policy_bazzar_website()

    Embedding Validation of displaying the Personal Insurance and Business Insurance tabs on clicking view all products [image/png 284885 bytes]

  When the user click on the view all products                                                                      # stepDefinitions.SmokeTesting.the_user_click_on_the_view_all_products()

    Embedding Validation of displaying the Personal Insurance and Business Insurance tabs on clicking view all products [image/png 207608 bytes]

  Then validate the displaying of Personal Insurance Tab and Business Insurance Tab                                 # stepDefinitions.SmokeTesting.validate_the_displaying_of_personal_insurance_tab_and_business_insurance_tab()

    Embedding Validation of displaying the Personal Insurance and Business Insurance tabs on clicking view all products [image/png 207608 bytes]

]]></system-out>
  </testcase>
</testsuite>